C51 COMPILER V9.60.0.0   DELAY                                                             05/09/2021 22:27:18 PAGE 1   


C51 COMPILER V9.60.0.0, COMPILATION OF MODULE DELAY
OBJECT MODULE PLACED IN .\Objects\delay.obj
COMPILER INVOKED BY: C:\Keil_v5\C51\BIN\C51.EXE delay.c OPTIMIZE(8,SPEED) BROWSE PRINT(.\Listings\delay.lst) TABS(2) OBJ
                    -ECT(.\Objects\delay.obj)

line level    source

   1          /*delay.h*/
   2          void delay(unsigned short int ms)
   3          {
   4   1      unsigned char ch;
   5   1        for(;ms>1;ms--)
   6   1        {
   7   2          for(ch=100;ch>2;ch--);
   8   2          ch++;
   9   2        }
  10   1        for(ch=97;ch>0;ch--);
  11   1        ch=4;
  12   1        while(--ch);
  13   1      }
  14          /*
  15          /////////by manu sir
  16          typedef unsigned short int u16;
  17          typedef unsigned char u8;
  18          void delay(u16 ms)
  19          {
  20            u8 i;
  21            for(;ms>0;ms--)
  22            {
  23            for(i=250;i>0;i--);
  24              for(i=247;i>0;i--);
  25            }
  26          }
  27          */


MODULE INFORMATION:   STATIC OVERLAYABLE
   CODE SIZE        =     52    ----
   CONSTANT SIZE    =   ----    ----
   XDATA SIZE       =   ----    ----
   PDATA SIZE       =   ----    ----
   DATA SIZE        =   ----    ----
   IDATA SIZE       =   ----    ----
   BIT SIZE         =   ----    ----
END OF MODULE INFORMATION.


C51 COMPILATION COMPLETE.  0 WARNING(S),  0 ERROR(S)
