C51 COMPILER V9.60.0.0   I2C_FIELDS                                                        05/02/2021 10:09:25 PAGE 1   


C51 COMPILER V9.60.0.0, COMPILATION OF MODULE I2C_FIELDS
OBJECT MODULE PLACED IN .\Objects\i2c_fields.obj
COMPILER INVOKED BY: C:\Keil_v5\C51\BIN\C51.EXE i2c_fields.c OPTIMIZE(8,SPEED) BROWSE PRINT(.\Listings\i2c_fields.lst) T
                    -ABS(2) OBJECT(.\Objects\i2c_fields.obj)

line level    source

   1          #include<reg51.h>
   2          #include<intrins.h>
   3          #include"header.h"
   4          
   5          sbit SDA=P2^4;
   6          sbit SCL=P2^3;
   7          
   8          void i2c_start(void)
   9          {
  10   1        SCL=1;
  11   1        SDA=1;
  12   1        SDA=0;
  13   1      }
  14          void i2c_stop(void)
  15          {
  16   1        SCL=0;
  17   1        SDA=0;
  18   1        SCL=1;
  19   1        SDA=1;
  20   1      }
  21          void i2c_write(u8 byte)
  22          {
  23   1        s8 i;
  24   1        
  25   1        for(i=7;i>=0;i--)
  26   1        {
  27   2          SCL=0;
  28   2          SDA=((byte>>i)&1);
  29   2          SCL=1;
  30   2        }
  31   1      }
  32          u8 i2c_read(void)
  33          {
  34   1        u8 temp=0;
  35   1        s8 i;
  36   1        
  37   1        for(i=7;i>=0;i--)
  38   1        {
  39   2          SCL=1;
  40   2          if(SDA==1)
  41   2          temp=temp|(1<<i);
  42   2          SCL=0;
  43   2        }
  44   1        return temp;
  45   1      }
  46          bit i2c_ack(void)
  47          {
  48   1        SCL=0;
  49   1        SDA=1;
  50   1        SCL=1;
  51   1        _nop_();
  52   1        _nop_();
  53   1        _nop_();
  54   1        _nop_();
C51 COMPILER V9.60.0.0   I2C_FIELDS                                                        05/02/2021 10:09:25 PAGE 2   

  55   1        if(SDA==0)
  56   1        {
  57   2          SCL=0;//FOR NEXT OPERATION
  58   2          return 0;
  59   2        }
  60   1        else
  61   1        {
  62   2          SCL=0;
  63   2          return 1;
  64   2        }
  65   1      }
  66          
  67          void i2c_noack(void)
  68          {
  69   1        SCL=0;
  70   1        SDA=1;
  71   1        SCL=1;
  72   1      }


MODULE INFORMATION:   STATIC OVERLAYABLE
   CODE SIZE        =    117    ----
   CONSTANT SIZE    =   ----    ----
   XDATA SIZE       =   ----    ----
   PDATA SIZE       =   ----    ----
   DATA SIZE        =   ----    ----
   IDATA SIZE       =   ----    ----
   BIT SIZE         =   ----    ----
END OF MODULE INFORMATION.


C51 COMPILATION COMPLETE.  0 WARNING(S),  0 ERROR(S)
