C51 COMPILER V9.60.0.0   INTERRUPT_MAIN                                                    04/09/2021 23:10:03 PAGE 1   


C51 COMPILER V9.60.0.0, COMPILATION OF MODULE INTERRUPT_MAIN
OBJECT MODULE PLACED IN .\Objects\interrupt_main.obj
COMPILER INVOKED BY: C:\Keil_v5\C51\BIN\C51.EXE interrupt_main.c OPTIMIZE(8,SPEED) BROWSE PRINT(.\Listings\interrupt_mai
                    -n.lst) TABS(2) OBJECT(.\Objects\interrupt_main.obj)

line level    source

   1          #include"header.h"
   2          
   3          u8 arr[20],s1[20];
   4          bit flag=0;
   5          void main(){
   6   1        u8 temp,op,*p;
   7   1      //  lcd_init();
   8   1        uart_init(9600);
   9   1        uart_interrupt_enable();
  10   1        
  11   1        while(1){
  12   2          uart_tx_string("Menu\r\n------------------------\r\n");
  13   2          uart_tx_string("a)strcmp\r\nb)strstr\r\nc)strcat\r\nd)strchar\r\n");
  14   2          
  15   2          while(flag==0); 
  16   2          if(flag==1){
  17   3            flag=0;
  18   3          op=arr[0];
  19   3          //uart_tx(op);      
  20   3          }
  21   2          //uart_tx_string("\r\n"); 
  22   2          if(op>=97&&op<=100){
  23   3          uart_tx_string("Enter string 1: ");
  24   3          
  25   3          while(flag==0);
  26   3          if(flag==1){
  27   4            flag=0;
  28   4          mystrcpy(s1,arr);
  29   4         // uart_tx_string(s1);   
  30   4          }
  31   3        //uart_tx_string("\r\n");
  32   3        uart_tx_string("Enter string 2: ");
  33   3      
  34   3        while(flag==0);
  35   3        if(flag==1){
  36   4          flag=0;
  37   4          //uart_tx_string(arr);
  38   4      //    uart_tx_string("\r\n");
  39   4          uart_tx_string("Result : ");
  40   4          switch(op){
  41   5            case 'a':
  42   5                temp=mystrcmp(s1,arr);
  43   5                if(temp==0){
  44   6                  uart_tx_string("Same");
  45   6                }
  46   5                else
  47   5                  uart_tx_string("Diff");
  48   5                break;
  49   5            case 'b':
  50   5                temp=mystrstr(s1,arr);
  51   5                if(temp==1){
  52   6                  uart_tx_string("sub string found");
  53   6                }
  54   5                else
C51 COMPILER V9.60.0.0   INTERRUPT_MAIN                                                    04/09/2021 23:10:03 PAGE 2   

  55   5                  uart_tx_string("sub string not found");
  56   5                break;
  57   5            case 'c':
  58   5                p=mystrcat(s1,arr);
  59   5                uart_tx_string(p);
  60   5                break;
  61   5            case 'd':
  62   5                p=mystrchr(s1,arr[0]);
  63   5                if(*p==arr[0]){
  64   6                  uart_tx_string("Char found");
  65   6                }
  66   5                else
  67   5                  uart_tx_string("Char not found");
  68   5                break;
  69   5                }
  70   4          //uart_interrupt_disable();
  71   4        }
  72   3         }
  73   2        uart_tx_string("\r\n");
  74   2        }
  75   1      }


MODULE INFORMATION:   STATIC OVERLAYABLE
   CODE SIZE        =    304    ----
   CONSTANT SIZE    =    196    ----
   XDATA SIZE       =   ----    ----
   PDATA SIZE       =   ----    ----
   DATA SIZE        =     40       5
   IDATA SIZE       =   ----    ----
   BIT SIZE         =      1    ----
END OF MODULE INFORMATION.


C51 COMPILATION COMPLETE.  0 WARNING(S),  0 ERROR(S)
