C51 COMPILER V9.60.0.0   KEYBOARD_MAIN                                                     04/07/2021 13:30:47 PAGE 1   


C51 COMPILER V9.60.0.0, COMPILATION OF MODULE KEYBOARD_MAIN
OBJECT MODULE PLACED IN .\Objects\keyboard_main.obj
COMPILER INVOKED BY: C:\Keil_v5\C51\BIN\C51.EXE keyboard_main.c OPTIMIZE(8,SPEED) BROWSE PRINT(.\Listings\keyboard_main.
                    -lst) TABS(2) OBJECT(.\Objects\keyboard_main.obj)

line level    source

   1          #include"header.h"
   2          sbit R0=P1^0;
   3          
   4          void main()
   5          {
   6   1      //  u8 sw;
   7   1        u8 result;
   8   1        lcd_init();
   9   1        while(1){
  10   2        //sw=keyscan();
  11   2          result=math();
  12   2        lcd_integer(result);
  13   2      //  if((sw>=0)&&(sw<=9))
  14   2      //   lcd_data(sw+48);
  15   2      //  else
  16   2      //   lcd_data(sw);
  17   2        }
  18   1      }


MODULE INFORMATION:   STATIC OVERLAYABLE
   CODE SIZE        =     13    ----
   CONSTANT SIZE    =   ----    ----
   XDATA SIZE       =   ----    ----
   PDATA SIZE       =   ----    ----
   DATA SIZE        =   ----       1
   IDATA SIZE       =   ----    ----
   BIT SIZE         =   ----    ----
END OF MODULE INFORMATION.


C51 COMPILATION COMPLETE.  0 WARNING(S),  0 ERROR(S)
