C51 COMPILER V9.60.0.0   LCD8_DRIVER                                                       05/02/2021 10:09:26 PAGE 1   


C51 COMPILER V9.60.0.0, COMPILATION OF MODULE LCD8_DRIVER
OBJECT MODULE PLACED IN .\Objects\lcd8_driver.obj
COMPILER INVOKED BY: C:\Keil_v5\C51\BIN\C51.EXE lcd8_driver.c OPTIMIZE(8,SPEED) BROWSE PRINT(.\Listings\lcd8_driver.lst)
                    - TABS(2) OBJECT(.\Objects\lcd8_driver.obj)

line level    source

   1          #include"header.h"
   2          
   3          #define lcd_port P0
   4          extern delay(u16);
   5          sbit RS=P2^0;
   6          sbit RW=P2^1;
   7          sbit EN=P2^2;
   8          
   9          void lcd_cmd(u8 cmd)
  10          {
  11   1        lcd_port=cmd;
  12   1        RS=0;
  13   1        RW=0;
  14   1        EN=1;
  15   1        delay(2);
  16   1        EN=0;
  17   1      }
  18          void lcd_data(u8 ch)
  19          {
  20   1        lcd_port=ch;
  21   1        RS=1;
  22   1        RW=0;
  23   1        EN=1;
  24   1        delay(2);
  25   1        EN=0;
  26   1      }
  27          void lcd_init(void)
  28          {
  29   1        lcd_cmd(0x02);//cursur move to home position
  30   1        lcd_cmd(0x38);//8 bit_ mode
  31   1        lcd_cmd(0x0E);//cursur on
  32   1        lcd_cmd(0x01);
  33   1      }
  34          void lcd_string(s8 *p)
  35          {
  36   1        while(*p!='\0')
  37   1        {
  38   2      //    if((*p)==Enter_key)
  39   2      //      {
  40   2      //      lcd_cmd(0xc0);
  41   2      //        p++;
  42   2      //      }
  43   2          lcd_data(*p);
  44   2          p++;
  45   2        }
  46   1        
  47   1      }
  48          
  49          void lcd_int(signed long int n){
  50   1        signed long int i=0,a[16];
  51   1        if(n<0){
  52   2          lcd_data('-');
  53   2          n=-n;
  54   2        }
C51 COMPILER V9.60.0.0   LCD8_DRIVER                                                       05/02/2021 10:09:26 PAGE 2   

  55   1        if(n==0)
  56   1          lcd_data(48);
  57   1        while(n){
  58   2          a[i]=n%10;
  59   2          i++;
  60   2          n=n/10;
  61   2        }
  62   1        for(i=i-1;i>=0;i--){
  63   2          lcd_data(a[i]+48);
  64   2        }
  65   1      }
  66          
  67          void lcd_float(float f){
  68   1        long int ip,dp;
  69   1        if(f<0){
  70   2          lcd_data('-');
  71   2          f=-f;
  72   2        }
  73   1        ip=f;
  74   1        dp=(f-ip)*100;
  75   1        lcd_int(ip);
  76   1        lcd_data('.');
  77   1        lcd_int(dp);
  78   1      }
  79          //hello


MODULE INFORMATION:   STATIC OVERLAYABLE
   CODE SIZE        =    445    ----
   CONSTANT SIZE    =   ----    ----
   XDATA SIZE       =   ----    ----
   PDATA SIZE       =   ----    ----
   DATA SIZE        =   ----      87
   IDATA SIZE       =   ----    ----
   BIT SIZE         =   ----    ----
END OF MODULE INFORMATION.


C51 COMPILATION COMPLETE.  0 WARNING(S),  0 ERROR(S)
