C51 COMPILER V9.60.0.0   LCD_DRIVER                                                        04/08/2021 00:39:27 PAGE 1   


C51 COMPILER V9.60.0.0, COMPILATION OF MODULE LCD_DRIVER
OBJECT MODULE PLACED IN .\Objects\lcd_driver.obj
COMPILER INVOKED BY: C:\Keil_v5\C51\BIN\C51.EXE ..\g1\lcd_driver.c OPTIMIZE(8,SPEED) BROWSE PRINT(.\Listings\lcd_driver.
                    -lst) TABS(2) OBJECT(.\Objects\lcd_driver.obj)

line level    source

   1          #include"header.h"
   2          
   3          #define lcd_port P0
   4          
   5          sbit RS=P2^0;
   6          sbit RW=P2^1;
   7          sbit EN=P2^2;
   8          
   9          void lcd_cmd(u8 cmd)
  10          {
  11   1        lcd_port=cmd;
  12   1        RS=0;
  13   1        RW=0;
  14   1        EN=1;
  15   1        delay(2);
  16   1        EN=0;
  17   1      }
  18          void lcd_data(u8 ch)
  19          {
  20   1        lcd_port=ch;
  21   1        RS=1;
  22   1        RW=0;
  23   1        EN=1;
  24   1        delay(2);
  25   1        EN=0;
  26   1      }
  27          void lcd_init(void)
  28          {
  29   1        lcd_cmd(0x02);//cursur move to home position
  30   1        lcd_cmd(0x38);//8 bit_ mode
  31   1        lcd_cmd(0x0E);//cursur on
  32   1        lcd_cmd(0x01);
  33   1      }
  34          //void lcd_string(s8 *p)
  35          //{
  36          //  while(*p!='\0')
  37          //  {
  38          //    if((*p)==Enter_key)
  39          //      {
  40          //      lcd_cmd(0xc0);
  41          //        p++;
  42          //      }
  43          //    lcd_data(*p);
  44          //    p++;
  45          //  }
  46          //}
  47          void lcd_integer(u8 n){
  48   1        s8 i=0,a[16];
  49   1        while(n){
  50   2          a[i]=n%10;
  51   2          i++;
  52   2          n=n/10;
  53   2        }
  54   1        for(i=i-1;i>=0;i--){
C51 COMPILER V9.60.0.0   LCD_DRIVER                                                        04/08/2021 00:39:27 PAGE 2   

  55   2          lcd_data(a[i]+48);
  56   2        }
  57   1      }


MODULE INFORMATION:   STATIC OVERLAYABLE
   CODE SIZE        =    114    ----
   CONSTANT SIZE    =   ----    ----
   XDATA SIZE       =   ----    ----
   PDATA SIZE       =   ----    ----
   DATA SIZE        =   ----      17
   IDATA SIZE       =   ----    ----
   BIT SIZE         =   ----    ----
END OF MODULE INFORMATION.


C51 COMPILATION COMPLETE.  0 WARNING(S),  0 ERROR(S)
