C51 COMPILER V9.60.0.0   LCD_MAIN                                                          04/15/2021 13:00:16 PAGE 1   


C51 COMPILER V9.60.0.0, COMPILATION OF MODULE LCD_MAIN
OBJECT MODULE PLACED IN .\Objects\lcd_main.obj
COMPILER INVOKED BY: C:\Keil_v5\C51\BIN\C51.EXE lcd_main.c OPTIMIZE(8,SPEED) BROWSE PRINT(.\Listings\lcd_main.lst) TABS(
                    -2) OBJECT(.\Objects\lcd_main.obj)

line level    source

   1          #include"header.h"
   2          extern void delay(u16);
   3          void main()
   4          {
   5   1        lcd_init();
   6   1        
   7   1        lcd_int(12345678);
   8   1        lcd_cmd(0xc0);
   9   1        lcd_float(12345.6375);
  10   1        
  11   1        cgram_init();
  12   1        lcd_cmd(0x94);
  13   1        while(1){
  14   2        lcd_data(0);
  15   2          delay(500);
  16   2        lcd_cmd(0x94);//94-red line
  17   2        lcd_data(1);//D4-4th line
  18   2          delay(500);
  19   2          lcd_cmd(0x94);
  20   2        }
  21   1        //while(1);
  22   1      }


MODULE INFORMATION:   STATIC OVERLAYABLE
   CODE SIZE        =     74    ----
   CONSTANT SIZE    =   ----    ----
   XDATA SIZE       =   ----    ----
   PDATA SIZE       =   ----    ----
   DATA SIZE        =   ----    ----
   IDATA SIZE       =   ----    ----
   BIT SIZE         =   ----    ----
END OF MODULE INFORMATION.


C51 COMPILATION COMPLETE.  0 WARNING(S),  0 ERROR(S)
