C51 COMPILER V9.60.0.0   MAIN                                                              05/02/2021 10:09:27 PAGE 1   


C51 COMPILER V9.60.0.0, COMPILATION OF MODULE MAIN
OBJECT MODULE PLACED IN .\Objects\main.obj
COMPILER INVOKED BY: C:\Keil_v5\C51\BIN\C51.EXE main.c OPTIMIZE(8,SPEED) BROWSE PRINT(.\Listings\main.lst) TABS(2) OBJEC
                    -T(.\Objects\main.obj)

line level    source

   1          #include"header.h"
   2          #define adc_vtg (step*(time[11]))
   3          #define adc_per (p*(time[12]))
   4          extern delay(u16);
   5          //u8 arr[12];
   6          u8 time[17];
   7          
   8          void main()
   9          {
  10   1        //variable
  11   1        u8 c=0,i;u16 mr=0x0000;
  12   1        float step=5.0/4095;float p=100.0/4095;
  13   1        
  14   1        //intialisation
  15   1      //  lcd_init();
  16   1      //  lcd_cmd(0x0c);//cursur off
  17   1        uart_init(9600);
  18   1      //  int0_enable();
  19   1        rtc_set_time(0x03,0x23,0x40,0);//hr,min,sec
  20   1        i2c_byte_set_ds1621();
  21   1        
  22   1          uart_tx_string("logid  time  POT  LDR  TEMP\r\n");
  23   1        
  24   1      //  while(1)
  25   1      //  {
  26   1      //  for(i=1;mr=0x0000,c=0;mr<200;)
  27   1      //  {
  28   1           // time[0]=1;
  29   1              rtc_read_time(time);
  30   1            time[11]=read_adc(0,0);
  31   1            time[12]=read_adc(0,1);
  32   1            time[13]=i2c_byte_read_ds1621();
  33   1              time[14]='\0';
  34   1              
  35   1      //        lcd_cmd(0x80);
  36   1      //        lcd_string(time);
  37   1      //        lcd_cmd(0xc0);
  38   1      //        lcd_string("POT=");
  39   1      //        lcd_float(adc_vtg);
  40   1      //        lcd_cmd(0xca);
  41   1      //        lcd_string("LDR=");
  42   1      //        lcd_float(adc_per);
  43   1              
  44   1      //        uart_tx_string(time);uart_tx(' ');
  45   1      //        uart_float(adc_vtg);uart_tx(' ');
  46   1      //        uart_float(adc_per);uart_tx(' ');
  47   1      //        uart_int(time[13]);uart_tx(' ');
  48   1      //        uart_tx_string(time);
  49   1            
  50   1      //    mr+=c;
  51   1              c=i2c_byte_write_at24c512(0xA0,mr,time);
  52   1      //        
  53   1      //        uart_tx_string("\r\n");
  54   1      //        
C51 COMPILER V9.60.0.0   MAIN                                                              05/02/2021 10:09:27 PAGE 2   

  55   1      //        for(i=0;i<c+4;i++){
  56   1      //        time[i]= i2c_byte_read_at24c512(0xA0,mr++);
  57   1      //        }
  58   1      //        time[i]='\0';     
  59   1      //        
  60   1      //      uart_tx_string(time);
  61   1      
  62   1      while(1);
  63   1      }
*** WARNING C280 IN LINE 11 OF main.c: 'i': unreferenced local variable


MODULE INFORMATION:   STATIC OVERLAYABLE
   CODE SIZE        =    115    ----
   CONSTANT SIZE    =     30    ----
   XDATA SIZE       =   ----    ----
   PDATA SIZE       =   ----    ----
   DATA SIZE        =     17      12
   IDATA SIZE       =   ----    ----
   BIT SIZE         =   ----    ----
END OF MODULE INFORMATION.


C51 COMPILATION COMPLETE.  1 WARNING(S),  0 ERROR(S)
