C51 COMPILER V9.60.0.0   MAIN_EEPROM                                                       04/19/2021 12:38:41 PAGE 1   


C51 COMPILER V9.60.0.0, COMPILATION OF MODULE MAIN_EEPROM
OBJECT MODULE PLACED IN .\Objects\main_eeprom.obj
COMPILER INVOKED BY: C:\Keil_v5\C51\BIN\C51.EXE main_eeprom.c OPTIMIZE(8,SPEED) BROWSE PRINT(.\Listings\main_eeprom.lst)
                    - TABS(2) OBJECT(.\Objects\main_eeprom.obj)

line level    source

   1          #include"header.h"
   2          extern delay(u16);
   3          void main()
   4          {
   5   1        u8 d[5]={'D','I','N','E','S'};
   6   1        u8 temp,i;u16 mr=0x0000;
   7   1        uart_init(9600);
   8   1        lcd_init();
   9   1      
  10   1        i2c_byte_write_frame(0xA0,0x00,0x00,d);
  11   1        delay(10);
  12   1        for(i=0;i<5;i++){
  13   2        temp = i2c_byte_read_at24c512(0xA0,mr++);
  14   2        uart_tx(temp);
  15   2        }
  16   1      
  17   1        while(1);
  18   1      }
  19          
  20          
  21          
  22          
  23          
  24          
  25          
  26          
  27          
  28          
  29          
  30          
  31          
  32          
  33          
  34          /*
  35          void main()
  36          { 
  37            unsigned long int count=0;
  38            int0_enable();
  39            uart_init(9600);
  40            
  41            lcd_init();
  42          
  43            while(1)
  44            {
  45              count++;
  46              uart_tx_string("Vector\r\n");
  47            }
  48          }
  49          */
  50          
  51          /*
  52          u8 arr[13];//13th bit_ for \0
  53                     //global bec can be accessible in driver also
  54          bit_ flag=0;//declare single bit_
C51 COMPILER V9.60.0.0   MAIN_EEPROM                                                       04/19/2021 12:38:41 PAGE 2   

  55          u8 i;
  56          void main()
  57          {
  58            uart_init(9600);
  59            
  60            
  61            lcd_init();
  62            while(1)
  63            {
  64              uart_interrupt_enable();
  65              if(flag==1)
  66              {
  67                lcd_cmd(0x1);//clear lcd
  68                lcd_string(arr);//print lcd rcved string
  69                uart_tx_string(arr);//loopback
  70                flag=0;//to make non bloking after 1st string print
  71              }
  72              //optional code_
  73            }
  74          }
  75          
  76          */


MODULE INFORMATION:   STATIC OVERLAYABLE
   CODE SIZE        =    100    ----
   CONSTANT SIZE    =      5    ----
   XDATA SIZE       =   ----    ----
   PDATA SIZE       =   ----    ----
   DATA SIZE        =   ----       9
   IDATA SIZE       =   ----    ----
   BIT SIZE         =   ----    ----
END OF MODULE INFORMATION.


C51 COMPILATION COMPLETE.  0 WARNING(S),  0 ERROR(S)
