C51 COMPILER V9.60.0.0   STRING                                                            04/09/2021 23:10:02 PAGE 1   


C51 COMPILER V9.60.0.0, COMPILATION OF MODULE STRING
OBJECT MODULE PLACED IN .\Objects\string.obj
COMPILER INVOKED BY: C:\Keil_v5\C51\BIN\C51.EXE string.c OPTIMIZE(8,SPEED) BROWSE PRINT(.\Listings\string.lst) TABS(2) O
                    -BJECT(.\Objects\string.obj)

line level    source

   1          #include"header.h"
   2          void mystrcpy(u8 *p,u8 *q){
   3   1        while(*q){
   4   2          *p=*q;
   5   2          p++;q++;
   6   2        }
   7   1        *p=*q;
   8   1      }
   9          
  10          u8 mystrcmp(u8 *s1,u8 *s2){
  11   1        
  12   1          while(*s1==*s2){
  13   2            s1++;s2++;
  14   2            if((*s1=='\0')||(*s2=='\0'))
  15   2              break;
  16   2          }
  17   1          return (*s1-*s2);
  18   1      } 
  19          u8* mystrchr(u8 *s,u8 ch)
  20          {
  21   1        u8 i=0;
  22   1        while(s[i]){
  23   2          if(ch==s[i])
  24   2            return (s+i);
  25   2          i++;
  26   2        }
  27   1        return 0;
  28   1      }
  29          u8 mystrstr(u8 *s1,u8 *s2)
  30          {
  31   1        u8 i=0,*p;
  32   1          while(*s1){
  33   2           p=mystrchr(s1,*s2);
  34   2            if(p==0)
  35   2             return 0;
  36   2            else
  37   2              s1=p;
  38   2           while(*s2){
  39   3             if(*p==s2[i])
  40   3             {
  41   4               p++;i++;
  42   4             }
  43   3             else
  44   3               break;
  45   3             
  46   3             if(s2[i]=='\0')
  47   3               return 1;
  48   3         }
  49   2           i=0;
  50   2      }
  51   1          return 0;
  52   1      }
  53          
  54          u8* mystrcat(u8 *s1,u8 *s2)
C51 COMPILER V9.60.0.0   STRING                                                            04/09/2021 23:10:02 PAGE 2   

  55          {
  56   1        u8*p=s1;
  57   1        while(*s1)
  58   1          s1++;
  59   1        while(*s2)
  60   1        {
  61   2          *s1++=*s2++;
  62   2        }
  63   1        *s1=*s2;
  64   1        return p;
  65   1      }


MODULE INFORMATION:   STATIC OVERLAYABLE
   CODE SIZE        =    432    ----
   CONSTANT SIZE    =   ----    ----
   XDATA SIZE       =   ----    ----
   PDATA SIZE       =   ----    ----
   DATA SIZE        =   ----      33
   IDATA SIZE       =   ----    ----
   BIT SIZE         =   ----    ----
END OF MODULE INFORMATION.


C51 COMPILATION COMPLETE.  0 WARNING(S),  0 ERROR(S)
