C51 COMPILER V9.60.0.0   TIMER_MAIN                                                        04/09/2021 02:15:14 PAGE 1   


C51 COMPILER V9.60.0.0, COMPILATION OF MODULE TIMER_MAIN
OBJECT MODULE PLACED IN .\Objects\timer_main.obj
COMPILER INVOKED BY: C:\Keil_v5\C51\BIN\C51.EXE timer_main.c OPTIMIZE(8,SPEED) BROWSE PRINT(.\Listings\timer_main.lst) T
                    -ABS(2) OBJECT(.\Objects\timer_main.obj)

line level    source

   1          #include"header.h"
   2          
   3          void main(){
   4   1        lcd_init();
   5   1        counter0();
   6   1        while(1);
   7   1      }


MODULE INFORMATION:   STATIC OVERLAYABLE
   CODE SIZE        =      8    ----
   CONSTANT SIZE    =   ----    ----
   XDATA SIZE       =   ----    ----
   PDATA SIZE       =   ----    ----
   DATA SIZE        =   ----    ----
   IDATA SIZE       =   ----    ----
   BIT SIZE         =   ----    ----
END OF MODULE INFORMATION.


C51 COMPILATION COMPLETE.  0 WARNING(S),  0 ERROR(S)
