C51 COMPILER V9.60.0.0   TIMER_DRIVER                                                      04/08/2021 21:57:25 PAGE 1   


C51 COMPILER V9.60.0.0, COMPILATION OF MODULE TIMER_DRIVER
OBJECT MODULE PLACED IN .\Objects\timer_driver.obj
COMPILER INVOKED BY: C:\Keil_v5\C51\BIN\C51.EXE timer_driver.c OPTIMIZE(8,SPEED) BROWSE PRINT(.\Listings\timer_driver.ls
                    -t) TABS(2) OBJECT(.\Objects\timer_driver.obj)

line level    source

   1          #include"header.h"
   2          #include<intrins.h>
   3          void timer_delay_1ms(void){
   4   1        
   5   1        TMOD=0X1;//0000 0001=>TIMER0 MODE 1
   6   1        TL0=0x18+2+13;//65536-1000=>645536(1MS=1000us)(12CLK=1 COUNT SWITCH=1mc)
   7   1        TH0=0XFC;
   8   1        TR0=1;
   9   1        while(TF0==0);//2 extra mc to chk for fail condition
  10   1        TR0=0;
  11   1        TF0=0;
  12   1        _nop_;
*** WARNING C275 IN LINE 12 OF timer_driver.c: expression with possibly no effect
  13   1      }
  14          void timer_delay_50ms(void){
  15   1        
  16   1        TMOD=0X1;//0000 0001=>TIMER0 MODE 1
  17   1        TL0=0xc8+2+13;//65536-1000=>645536(1MS=1000us)(12CLK=1 COUNT SWITCH=1mc)
  18   1        TH0=0X38;
  19   1        TR0=1;
  20   1        while(TF0==0);//2 extra mc to chk for fail condition
  21   1        TR0=0;
  22   1        TF0=0;
  23   1        _nop_;
*** WARNING C275 IN LINE 23 OF timer_driver.c: expression with possibly no effect
  24   1      }


MODULE INFORMATION:   STATIC OVERLAYABLE
   CODE SIZE        =     38    ----
   CONSTANT SIZE    =   ----    ----
   XDATA SIZE       =   ----    ----
   PDATA SIZE       =   ----    ----
   DATA SIZE        =   ----    ----
   IDATA SIZE       =   ----    ----
   BIT SIZE         =   ----    ----
END OF MODULE INFORMATION.


C51 COMPILATION COMPLETE.  2 WARNING(S),  0 ERROR(S)
